GrupoCacheManager Singleton creado
Watching for file changes with StatReloader
GrupoCacheManager Singleton creado
GrupoCacheManager Singleton creado
Watching for file changes with StatReloader
GrupoCacheManager Singleton creado
GrupoCacheManager Singleton creado
Watching for file changes with StatReloader
GrupoCacheManager Singleton creado
GrupoCacheManager Singleton creado
GrupoCacheManager Singleton creado
"GET / HTTP/1.1" 200 84
Not Found: /favicon.ico
"GET /favicon.ico HTTP/1.1" 404 2582
"GET / HTTP/1.1" 200 84
"GET / HTTP/1.1" 200 84
"GET / HTTP/1.1" 200 84
"GET / HTTP/1.1" 200 84
"GET / HTTP/1.1" 200 84
"GET / HTTP/1.1" 200 84
"GET / HTTP/1.1" 200 84
"GET / HTTP/1.1" 200 84
"GET / HTTP/1.1" 200 84
"GET / HTTP/1.1" 200 84
"GET / HTTP/1.1" 200 84
GrupoCacheManager Singleton creado
GrupoCacheManager Singleton creado
"GET / HTTP/1.1" 200 84
GrupoCacheManager Singleton creado
GrupoCacheManager Singleton creado
Watching for file changes with StatReloader
GrupoCacheManager Singleton creado
/code/grupos/models.py changed, reloading.
Watching for file changes with StatReloader
GrupoCacheManager Singleton creado
GrupoCacheManager Singleton creado
"GET / HTTP/1.1" 200 84
"GET / HTTP/1.1" 200 84
"GET / HTTP/1.1" 200 84
"GET / HTTP/1.1" 200 84
"GET / HTTP/1.1" 200 84
"GET / HTTP/1.1" 200 84
"GET / HTTP/1.1" 200 84
GrupoCacheManager Singleton creado
Watching for file changes with StatReloader
GrupoCacheManager Singleton creado
GrupoCacheManager Singleton creado
"GET / HTTP/1.1" 200 84
"GET / HTTP/1.1" 200 84
"GET / HTTP/1.1" 200 84
"GET / HTTP/1.1" 200 84
"GET / HTTP/1.1" 200 84
"GET / HTTP/1.1" 200 84
"GET / HTTP/1.1" 200 84
"GET / HTTP/1.1" 200 84
"GET / HTTP/1.1" 200 84
"GET / HTTP/1.1" 200 84
"GET / HTTP/1.1" 200 84
"GET / HTTP/1.1" 200 84
"GET / HTTP/1.1" 200 84
"GET / HTTP/1.1" 200 84
"GET / HTTP/1.1" 200 84
"GET / HTTP/1.1" 200 84
Not Found: /grupos/1
"GET /grupos/1 HTTP/1.1" 404 2573
"GET /api/ HTTP/1.1" 200 5878
"GET /static/rest_framework/css/bootstrap-tweaks.css HTTP/1.1" 200 3385
"GET /static/rest_framework/css/prettify.css HTTP/1.1" 200 817
"GET /static/rest_framework/css/default.css HTTP/1.1" 200 1152
"GET /static/rest_framework/js/ajax-form.js HTTP/1.1" 200 3597
"GET /static/rest_framework/js/jquery-3.5.1.min.js HTTP/1.1" 200 89476
"GET /static/rest_framework/css/bootstrap.min.css HTTP/1.1" 200 121457
"GET /static/rest_framework/js/csrf.js HTTP/1.1" 200 1719
"GET /static/rest_framework/js/prettify-min.js HTTP/1.1" 200 13632
"GET /static/rest_framework/js/bootstrap.min.js HTTP/1.1" 200 39680
"GET /static/rest_framework/js/default.js HTTP/1.1" 200 1268
"GET /static/rest_framework/img/grid.png HTTP/1.1" 200 1458
"OPTIONS /api/ HTTP/1.1" 200 5564
"GET /api/ HTTP/1.1" 200 5878
"OPTIONS /api/ HTTP/1.1" 200 5564
"GET /api/ HTTP/1.1" 200 5878
GrupoCacheManager Singleton creado
"GET /admin/ HTTP/1.1" 302 0
"GET /admin/login/?next=/admin/ HTTP/1.1" 200 4249
"GET /static/admin/js/theme.js HTTP/1.1" 200 1943
"GET /static/admin/css/dark_mode.css HTTP/1.1" 200 2929
"GET /static/admin/css/login.css HTTP/1.1" 200 958
"GET /static/admin/css/nav_sidebar.css HTTP/1.1" 200 2694
"GET /static/admin/css/base.css HTTP/1.1" 200 21207
"GET /static/admin/css/responsive.css HTTP/1.1" 200 18533
"GET /static/admin/js/nav_sidebar.js HTTP/1.1" 200 3063
"POST /admin/login/?next=/admin/ HTTP/1.1" 302 0
"GET /admin/ HTTP/1.1" 200 12028
"GET /static/admin/css/dashboard.css HTTP/1.1" 200 441
"GET /static/admin/img/icon-addlink.svg HTTP/1.1" 200 331
"GET /static/admin/img/icon-changelink.svg HTTP/1.1" 200 380
"GET /api/ HTTP/1.1" 200 5914
"GET /api/grupos/ HTTP/1.1" 200 14140
"GET /static/rest_framework/fonts/glyphicons-halflings-regular.woff2 HTTP/1.1" 200 18028
Not Found: /api/grupos/admins.py
"GET /api/grupos/admins.py HTTP/1.1" 404 27
"OPTIONS /api/grupos/ HTTP/1.1" 200 14436
"GET /api/grupos/ HTTP/1.1" 200 14140
"GET /api/ HTTP/1.1" 200 5914
"OPTIONS /api/grupos/ HTTP/1.1" 200 0
"GET /api/grupos/ HTTP/1.1" 200 331
"OPTIONS /api/auth/login/ HTTP/1.1" 200 0
Unauthorized: /api/auth/login/
"POST /api/auth/login/ HTTP/1.1" 401 35
"OPTIONS /api/auth/register/ HTTP/1.1" 200 0
"POST /api/auth/register/ HTTP/1.1" 201 204
"GET /api/grupos/ HTTP/1.1" 200 331
"GET /api/grupos/ HTTP/1.1" 200 331
"OPTIONS /api/grupos/1/eventos/ HTTP/1.1" 200 0
"GET /api/grupos/1/eventos/ HTTP/1.1" 200 2
"GET /api/grupos/1/eventos/ HTTP/1.1" 200 2
"OPTIONS /api/grupos/1/agregar_miembro/ HTTP/1.1" 200 0
"POST /api/grupos/1/agregar_miembro/ HTTP/1.1" 201 164
"OPTIONS /api/grupos/1/eliminar_miembro/?id_usuario=1 HTTP/1.1" 200 0
"DELETE /api/grupos/1/eliminar_miembro/?id_usuario=1 HTTP/1.1" 204 0
"GET /api/grupos/ HTTP/1.1" 200 331
"GET /admin/ HTTP/1.1" 200 12028
"GET /admin/grupos/usuariorol/ HTTP/1.1" 200 11972
"GET /static/admin/css/changelists.css HTTP/1.1" 200 6566
"GET /static/admin/js/jquery.init.js HTTP/1.1" 200 347
"GET /static/admin/js/core.js HTTP/1.1" 200 5682
"GET /static/admin/js/actions.js HTTP/1.1" 200 7872
"GET /static/admin/js/admin/RelatedObjectLookups.js HTTP/1.1" 200 8943
"GET /admin/jsi18n/ HTTP/1.1" 200 8006
"GET /static/admin/js/prepopulate.js HTTP/1.1" 200 1531
"GET /static/admin/js/urlify.js HTTP/1.1" 200 7887
"GET /static/admin/js/vendor/jquery/jquery.js HTTP/1.1" 200 292458
"GET /static/admin/img/search.svg HTTP/1.1" 200 458
"GET /static/admin/js/vendor/xregexp/xregexp.js HTTP/1.1" 200 232381
"GET /static/admin/js/filters.js HTTP/1.1" 200 978
"GET /static/admin/img/tooltag-add.svg HTTP/1.1" 200 331
"GET /admin/grupos/usuariogrupo/add/ HTTP/1.1" 200 16404
"GET /static/admin/img/icon-viewlink.svg HTTP/1.1" 200 581
"GET /static/admin/css/forms.css HTTP/1.1" 200 9047
"GET /static/admin/js/prepopulate_init.js HTTP/1.1" 200 586
"GET /admin/jsi18n/ HTTP/1.1" 200 8006
"GET /static/admin/js/change_form.js HTTP/1.1" 200 606
"GET /static/admin/css/widgets.css HTTP/1.1" 200 11900
"POST /api/auth/login/ HTTP/1.1" 200 194
"GET /api/grupos/ HTTP/1.1" 200 331
"GET /api/grupos/ HTTP/1.1" 200 331
"GET /api/grupos/ HTTP/1.1" 200 331
"GET /api/grupos/ HTTP/1.1" 200 331
"GET /api/grupos/ HTTP/1.1" 200 331
"GET /api/grupos/ HTTP/1.1" 200 331
"GET /api/grupos/ HTTP/1.1" 200 331
"GET /api/grupos/ HTTP/1.1" 200 331
"GET /api/grupos/ HTTP/1.1" 200 331
"GET /api/grupos/ HTTP/1.1" 200 331
"GET /api/grupos/ HTTP/1.1" 200 331
"GET /api/grupos/ HTTP/1.1" 200 331
"GET /api/grupos/ HTTP/1.1" 200 331
"GET /api/grupos/ HTTP/1.1" 200 331
"GET /api/grupos/ HTTP/1.1" 200 331
"GET /api/grupos/ HTTP/1.1" 200 331
"GET /api/grupos/ HTTP/1.1" 200 331
"GET /api/grupos/ HTTP/1.1" 200 331
"POST /api/auth/login/ HTTP/1.1" 200 194
"GET /api/grupos/ HTTP/1.1" 200 331
"GET / HTTP/1.1" 200 84
"GET /api/grupos/ HTTP/1.1" 200 331
"GET /api/grupos/ HTTP/1.1" 200 331
"POST /api/auth/login/ HTTP/1.1" 200 194
"GET /api/grupos/ HTTP/1.1" 200 331
"GET /api/grupos/ HTTP/1.1" 200 331
"GET /api/grupos/ HTTP/1.1" 200 331
"GET /api/grupos/ HTTP/1.1" 200 331
"GET /api/grupos/ HTTP/1.1" 200 331
"POST /api/auth/login/ HTTP/1.1" 200 194
"GET /api/grupos/ HTTP/1.1" 200 331
"GET /api/grupos/ HTTP/1.1" 200 331
"GET /api/grupos/ HTTP/1.1" 200 331
"GET /api/grupos/ HTTP/1.1" 200 331
"GET /api/grupos/ HTTP/1.1" 200 331
"GET /api/grupos/ HTTP/1.1" 200 331
"GET /api/grupos/ HTTP/1.1" 200 331
"GET /api/grupos/ HTTP/1.1" 200 331
"GET /api/grupos/ HTTP/1.1" 200 331
"GET /api/grupos/ HTTP/1.1" 200 331
"GET /api/grupos/ HTTP/1.1" 200 331
"GET /api/grupos/ HTTP/1.1" 200 331
"GET /api/grupos/ HTTP/1.1" 200 331
"GET /api/grupos/ HTTP/1.1" 200 331
"GET /api/grupos/ HTTP/1.1" 200 331
"GET /api/grupos/ HTTP/1.1" 200 331
"POST /api/auth/login/ HTTP/1.1" 200 194
"GET /api/grupos/ HTTP/1.1" 200 331
"GET /api/grupos/ HTTP/1.1" 200 331
"GET /api/grupos/ HTTP/1.1" 200 331
"GET /api/grupos/ HTTP/1.1" 200 331
"GET /api/grupos/ HTTP/1.1" 200 331
"GET /api/grupos/ HTTP/1.1" 200 331
"GET /api/grupos/ HTTP/1.1" 200 331
"GET /api/grupos/ HTTP/1.1" 200 331
"GET /api/grupos/ HTTP/1.1" 200 331
"GET /api/grupos/ HTTP/1.1" 200 331
"POST /api/auth/login/ HTTP/1.1" 200 194
"GET /api/grupos/ HTTP/1.1" 200 331
"POST /api/grupos/1/agregar_miembro/ HTTP/1.1" 201 164
"DELETE /api/grupos/1/eliminar_miembro/?id_usuario=1 HTTP/1.1" 204 0
Internal Server Error: /api/grupos/1/eliminar_miembro/
Traceback (most recent call last):
  File "/usr/local/lib/python3.9/site-packages/django/core/handlers/exception.py", line 55, in inner
    response = get_response(request)
  File "/usr/local/lib/python3.9/site-packages/django/core/handlers/base.py", line 197, in _get_response
    response = wrapped_callback(request, *callback_args, **callback_kwargs)
  File "/usr/local/lib/python3.9/site-packages/django/views/decorators/csrf.py", line 56, in wrapper_view
    return view_func(*args, **kwargs)
  File "/usr/local/lib/python3.9/site-packages/rest_framework/viewsets.py", line 125, in view
    return self.dispatch(request, *args, **kwargs)
  File "/usr/local/lib/python3.9/site-packages/rest_framework/views.py", line 509, in dispatch
    response = self.handle_exception(exc)
  File "/usr/local/lib/python3.9/site-packages/rest_framework/views.py", line 469, in handle_exception
    self.raise_uncaught_exception(exc)
  File "/usr/local/lib/python3.9/site-packages/rest_framework/views.py", line 480, in raise_uncaught_exception
    raise exc
  File "/usr/local/lib/python3.9/site-packages/rest_framework/views.py", line 506, in dispatch
    response = handler(request, *args, **kwargs)
  File "/code/grupos/views.py", line 258, in eliminar_miembro
    GrupoService.eliminar_miembro(id_grupo=grupo.id_grupo, id_usuario=id_usuario)
  File "/usr/local/lib/python3.9/contextlib.py", line 79, in inner
    return func(*args, **kwds)
  File "/code/grupos/services.py", line 221, in eliminar_miembro
    raise ValidationError("El usuario no es miembro del grupo")
django.core.exceptions.ValidationError: ['El usuario no es miembro del grupo']
"DELETE /api/grupos/1/eliminar_miembro/?id_usuario=1 HTTP/1.1" 500 97321
"GET /api/grupos/1/eventos/ HTTP/1.1" 200 2
"GET /api/grupos/ HTTP/1.1" 200 331
"GET /api/grupos/ HTTP/1.1" 200 331
"GET /api/grupos/ HTTP/1.1" 200 331
"GET /api/grupos/ HTTP/1.1" 200 331
"GET /api/grupos/ HTTP/1.1" 200 331
"GET /api/grupos/ HTTP/1.1" 200 331
"GET /api/grupos/ HTTP/1.1" 200 331
"GET /api/grupos/ HTTP/1.1" 200 331
"GET /api/grupos/ HTTP/1.1" 200 331
"GET /api/grupos/ HTTP/1.1" 200 331
"GET /api/grupos/ HTTP/1.1" 200 331
"POST /api/auth/login/ HTTP/1.1" 200 194
"GET /api/grupos/ HTTP/1.1" 200 331
"GET /api/grupos/ HTTP/1.1" 200 331
"GET /api/grupos/ HTTP/1.1" 200 331
"GET /api/grupos/ HTTP/1.1" 200 331
"GET /api/grupos/ HTTP/1.1" 200 331
"GET /api/grupos/ HTTP/1.1" 200 331
"GET /api/grupos/ HTTP/1.1" 200 331
"GET /api/grupos/ HTTP/1.1" 200 331
"GET /api/grupos/ HTTP/1.1" 200 331
"OPTIONS /api/grupos/ HTTP/1.1" 200 0
"GET /api/grupos/ HTTP/1.1" 200 331
"GET /api/grupos/ HTTP/1.1" 200 331
"GET /api/grupos/ HTTP/1.1" 200 331
"GET /api/grupos/ HTTP/1.1" 200 331
"OPTIONS /api/grupos/ HTTP/1.1" 200 0
"GET /api/grupos/ HTTP/1.1" 200 331
"GET /api/grupos/ HTTP/1.1" 200 331
"GET /api/grupos/ HTTP/1.1" 200 331
"POST /api/grupos/ HTTP/1.1" 201 274
"GET /api/grupos/ HTTP/1.1" 200 606
"OPTIONS /api/grupos/2/eventos/ HTTP/1.1" 200 0
"GET /api/grupos/2/eventos/ HTTP/1.1" 200 2
"OPTIONS /api/grupos/2/agregar_miembro/ HTTP/1.1" 200 0
Bad Request: /api/grupos/2/agregar_miembro/
"POST /api/grupos/2/agregar_miembro/ HTTP/1.1" 400 50
"OPTIONS /api/grupos/2/eliminar_miembro/?id_usuario=1 HTTP/1.1" 200 0
"DELETE /api/grupos/2/eliminar_miembro/?id_usuario=1 HTTP/1.1" 204 0
Internal Server Error: /api/grupos/2/eliminar_miembro/
Traceback (most recent call last):
  File "/usr/local/lib/python3.9/site-packages/django/core/handlers/exception.py", line 55, in inner
    response = get_response(request)
  File "/usr/local/lib/python3.9/site-packages/django/core/handlers/base.py", line 197, in _get_response
    response = wrapped_callback(request, *callback_args, **callback_kwargs)
  File "/usr/local/lib/python3.9/site-packages/django/views/decorators/csrf.py", line 56, in wrapper_view
    return view_func(*args, **kwargs)
  File "/usr/local/lib/python3.9/site-packages/rest_framework/viewsets.py", line 125, in view
    return self.dispatch(request, *args, **kwargs)
  File "/usr/local/lib/python3.9/site-packages/rest_framework/views.py", line 509, in dispatch
    response = self.handle_exception(exc)
  File "/usr/local/lib/python3.9/site-packages/rest_framework/views.py", line 469, in handle_exception
    self.raise_uncaught_exception(exc)
  File "/usr/local/lib/python3.9/site-packages/rest_framework/views.py", line 480, in raise_uncaught_exception
    raise exc
  File "/usr/local/lib/python3.9/site-packages/rest_framework/views.py", line 506, in dispatch
    response = handler(request, *args, **kwargs)
  File "/code/grupos/views.py", line 258, in eliminar_miembro
    GrupoService.eliminar_miembro(id_grupo=grupo.id_grupo, id_usuario=id_usuario)
  File "/usr/local/lib/python3.9/contextlib.py", line 79, in inner
    return func(*args, **kwds)
  File "/code/grupos/services.py", line 221, in eliminar_miembro
    raise ValidationError("El usuario no es miembro del grupo")
django.core.exceptions.ValidationError: ['El usuario no es miembro del grupo']
"DELETE /api/grupos/2/eliminar_miembro/?id_usuario=1 HTTP/1.1" 500 97303
"POST /api/grupos/2/agregar_miembro/ HTTP/1.1" 201 155
Bad Request: /api/grupos/2/agregar_miembro/
"POST /api/grupos/2/agregar_miembro/ HTTP/1.1" 400 50
Watching for file changes with StatReloader
GrupoCacheManager Singleton creado
/code/grupos/models.py changed, reloading.
Watching for file changes with StatReloader
GrupoCacheManager Singleton creado
Watching for file changes with StatReloader
/code/grupos/urls.py changed, reloading.
Watching for file changes with StatReloader
/code/grupos/views.py changed, reloading.
Watching for file changes with StatReloader
GrupoCacheManager Singleton creado
